[2023-10-24 02:49:03] flarum.ERROR: Swift_TransportException: Failed to authenticate on SMTP server with username "酆" using 1 possible authenticators. Authenticator LOGIN returned Expected response code 250 but got an empty response. in D:\phpstudy_pro\WWW\test\flarum\vendor\swiftmailer\swiftmailer\lib\classes\Swift\Transport\Esmtp\AuthHandler.php:191
Stack trace:
#0 D:\phpstudy_pro\WWW\test\flarum\vendor\swiftmailer\swiftmailer\lib\classes\Swift\Transport\EsmtpTransport.php(371): Swift_Transport_Esmtp_AuthHandler->afterEhlo(Object(Swift_SmtpTransport))
#1 D:\phpstudy_pro\WWW\test\flarum\vendor\swiftmailer\swiftmailer\lib\classes\Swift\Transport\AbstractSmtpTransport.php(148): Swift_Transport_EsmtpTransport->doHeloCommand()
#2 D:\phpstudy_pro\WWW\test\flarum\vendor\swiftmailer\swiftmailer\lib\classes\Swift\Mailer.php(65): Swift_Transport_AbstractSmtpTransport->start()
#3 D:\phpstudy_pro\WWW\test\flarum\vendor\illuminate\mail\Mailer.php(521): Swift_Mailer->send(Object(Swift_Message), Array)
#4 D:\phpstudy_pro\WWW\test\flarum\vendor\illuminate\mail\Mailer.php(288): Illuminate\Mail\Mailer->sendSwiftMessage(Object(Swift_Message))
#5 D:\phpstudy_pro\WWW\test\flarum\vendor\illuminate\mail\Mailer.php(212): Illuminate\Mail\Mailer->send(NULL, Array, Object(Closure))
#6 D:\phpstudy_pro\WWW\test\flarum\vendor\flarum\core\src\Api\Controller\SendTestMailController.php(43): Illuminate\Mail\Mailer->raw('admin\xEF\xBC\x8C\xE6\x81\xAD\xE5\x96\x9C\xE6...', Object(Closure))
#7 D:\phpstudy_pro\WWW\test\flarum\vendor\flarum\core\src\Http\RouteHandlerFactory.php(41): Flarum\Api\Controller\SendTestMailController->handle(Object(Laminas\Diactoros\ServerRequest))
#8 D:\phpstudy_pro\WWW\test\flarum\vendor\flarum\core\src\Http\Middleware\ExecuteRoute.php(27): Flarum\Http\RouteHandlerFactory->Flarum\Http\{closure}(Object(Laminas\Diactoros\ServerRequest), Array)
#9 D:\phpstudy_pro\WWW\test\flarum\vendor\laminas\laminas-stratigility\src\Next.php(51): Flarum\Http\Middleware\ExecuteRoute->process(Object(Laminas\Diactoros\ServerRequest), Object(Closure))
#10 D:\phpstudy_pro\WWW\test\flarum\vendor\flarum\core\src\Api\Middleware\ThrottleApi.php(33): Laminas\Stratigility\Next->handle(Object(Laminas\Diactoros\ServerRequest))
#11 D:\phpstudy_pro\WWW\test\flarum\vendor\laminas\laminas-stratigility\src\Next.php(51): Flarum\Api\Middleware\ThrottleApi->process(Object(Laminas\Diactoros\ServerRequest), Object(Laminas\Stratigility\Next))
#12 D:\phpstudy_pro\WWW\test\flarum\vendor\flarum\core\src\Http\Middleware\CheckCsrfToken.php(44): Laminas\Stratigility\Next->handle(Object(Laminas\Diactoros\ServerRequest))
#13 D:\phpstudy_pro\WWW\test\flarum\vendor\laminas\laminas-stratigility\src\Next.php(51): Flarum\Http\Middleware\CheckCsrfToken->process(Object(Laminas\Diactoros\ServerRequest), Object(Laminas\Stratigility\Next))
#14 D:\phpstudy_pro\WWW\test\flarum\vendor\flarum\core\src\Http\Middleware\ResolveRoute.php(69): Laminas\Stratigility\Next->handle(Object(Laminas\Diactoros\ServerRequest))
#15 D:\phpstudy_pro\WWW\test\flarum\vendor\laminas\laminas-stratigility\src\Next.php(51): Flarum\Http\Middleware\ResolveRoute->process(Object(Laminas\Diactoros\ServerRequest), Object(Laminas\Stratigility\Next))
#16 D:\phpstudy_pro\WWW\test\flarum\vendor\flarum\core\src\Http\Middleware\SetLocale.php(51): Laminas\Stratigility\Next->handle(Object(Laminas\Diactoros\ServerRequest))
#17 D:\phpstudy_pro\WWW\test\flarum\vendor\laminas\laminas-stratigility\src\Next.php(51): Flarum\Http\Middleware\SetLocale->process(Object(Laminas\Diactoros\ServerRequest), Object(Laminas\Stratigility\Next))
#18 D:\phpstudy_pro\WWW\test\flarum\vendor\flarum\core\src\Http\Middleware\AuthenticateWithHeader.php(58): Laminas\Stratigility\Next->handle(Object(Laminas\Diactoros\ServerRequest))
#19 D:\phpstudy_pro\WWW\test\flarum\vendor\laminas\laminas-stratigility\src\Next.php(51): Flarum\Http\Middleware\AuthenticateWithHeader->process(Object(Laminas\Diactoros\ServerRequest), Object(Laminas\Stratigility\Next))
#20 D:\phpstudy_pro\WWW\test\flarum\vendor\flarum\core\src\Http\Middleware\AuthenticateWithSession.php(31): Laminas\Stratigility\Next->handle(Object(Laminas\Diactoros\ServerRequest))
#21 D:\phpstudy_pro\WWW\test\flarum\vendor\laminas\laminas-stratigility\src\Next.php(51): Flarum\Http\Middleware\AuthenticateWithSession->process(Object(Laminas\Diactoros\ServerRequest), Object(Laminas\Stratigility\Next))
#22 D:\phpstudy_pro\WWW\test\flarum\vendor\flarum\core\src\Http\Middleware\RememberFromCookie.php(52): Laminas\Stratigility\Next->handle(Object(Laminas\Diactoros\ServerRequest))
#23 D:\phpstudy_pro\WWW\test\flarum\vendor\laminas\laminas-stratigility\src\Next.php(51): Flarum\Http\Middleware\RememberFromCookie->process(Object(Laminas\Diactoros\ServerRequest), Object(Laminas\Stratigility\Next))
#24 D:\phpstudy_pro\WWW\test\flarum\vendor\flarum\core\src\Http\Middleware\StartSession.php(61): Laminas\Stratigility\Next->handle(Object(Laminas\Diactoros\ServerRequest))
#25 D:\phpstudy_pro\WWW\test\flarum\vendor\laminas\laminas-stratigility\src\Next.php(51): Flarum\Http\Middleware\StartSession->process(Object(Laminas\Diactoros\ServerRequest), Object(Laminas\Stratigility\Next))
#26 D:\phpstudy_pro\WWW\test\flarum\vendor\flarum\core\src\Api\Middleware\FakeHttpMethods.php(29): Laminas\Stratigility\Next->handle(Object(Laminas\Diactoros\ServerRequest))
#27 D:\phpstudy_pro\WWW\test\flarum\vendor\laminas\laminas-stratigility\src\Next.php(51): Flarum\Api\Middleware\FakeHttpMethods->process(Object(Laminas\Diactoros\ServerRequest), Object(Laminas\Stratigility\Next))
#28 D:\phpstudy_pro\WWW\test\flarum\vendor\flarum\core\src\Http\Middleware\ParseJsonBody.php(28): Laminas\Stratigility\Next->handle(Object(Laminas\Diactoros\ServerRequest))
#29 D:\phpstudy_pro\WWW\test\flarum\vendor\laminas\laminas-stratigility\src\Next.php(51): Flarum\Http\Middleware\ParseJsonBody->process(Object(Laminas\Diactoros\ServerRequest), Object(Laminas\Stratigility\Next))
#30 D:\phpstudy_pro\WWW\test\flarum\vendor\flarum\core\src\Http\Middleware\HandleErrors.php(57): Laminas\Stratigility\Next->handle(Object(Laminas\Diactoros\ServerRequest))
#31 D:\phpstudy_pro\WWW\test\flarum\vendor\laminas\laminas-stratigility\src\Next.php(51): Flarum\Http\Middleware\HandleErrors->process(Object(Laminas\Diactoros\ServerRequest), Object(Laminas\Stratigility\Next))
#32 D:\phpstudy_pro\WWW\test\flarum\vendor\flarum\core\src\Http\Middleware\InjectActorReference.php(25): Laminas\Stratigility\Next->handle(Object(Laminas\Diactoros\ServerRequest))
#33 D:\phpstudy_pro\WWW\test\flarum\vendor\laminas\laminas-stratigility\src\Next.php(51): Flarum\Http\Middleware\InjectActorReference->process(Object(Laminas\Diactoros\ServerRequest), Object(Laminas\Stratigility\Next))
#34 D:\phpstudy_pro\WWW\test\flarum\vendor\laminas\laminas-stratigility\src\MiddlewarePipe.php(76): Laminas\Stratigility\Next->handle(Object(Laminas\Diactoros\ServerRequest))
#35 D:\phpstudy_pro\WWW\test\flarum\vendor\middlewares\request-handler\src\RequestHandler.php(84): Laminas\Stratigility\MiddlewarePipe->process(Object(Laminas\Diactoros\ServerRequest), Object(Laminas\Stratigility\Next))
#36 D:\phpstudy_pro\WWW\test\flarum\vendor\laminas\laminas-stratigility\src\Next.php(51): Middlewares\RequestHandler->process(Object(Laminas\Diactoros\ServerRequest), Object(Laminas\Stratigility\Next))
#37 D:\phpstudy_pro\WWW\test\flarum\vendor\middlewares\base-path-router\src\BasePathRouter.php(101): Laminas\Stratigility\Next->handle(Object(Laminas\Diactoros\ServerRequest))
#38 D:\phpstudy_pro\WWW\test\flarum\vendor\laminas\laminas-stratigility\src\Next.php(51): Middlewares\BasePathRouter->process(Object(Laminas\Diactoros\ServerRequest), Object(Laminas\Stratigility\Next))
#39 D:\phpstudy_pro\WWW\test\flarum\vendor\laminas\laminas-stratigility\src\Middleware\OriginalMessages.php(36): Laminas\Stratigility\Next->handle(Object(Laminas\Diactoros\ServerRequest))
#40 D:\phpstudy_pro\WWW\test\flarum\vendor\laminas\laminas-stratigility\src\Next.php(51): Laminas\Stratigility\Middleware\OriginalMessages->process(Object(Laminas\Diactoros\ServerRequest), Object(Laminas\Stratigility\Next))
#41 D:\phpstudy_pro\WWW\test\flarum\vendor\middlewares\base-path\src\BasePath.php(73): Laminas\Stratigility\Next->handle(Object(Laminas\Diactoros\ServerRequest))
#42 D:\phpstudy_pro\WWW\test\flarum\vendor\laminas\laminas-stratigility\src\Next.php(51): Middlewares\BasePath->process(Object(Laminas\Diactoros\ServerRequest), Object(Laminas\Stratigility\Next))
#43 D:\phpstudy_pro\WWW\test\flarum\vendor\flarum\core\src\Http\Middleware\ProcessIp.php(24): Laminas\Stratigility\Next->handle(Object(Laminas\Diactoros\ServerRequest))
#44 D:\phpstudy_pro\WWW\test\flarum\vendor\laminas\laminas-stratigility\src\Next.php(51): Flarum\Http\Middleware\ProcessIp->process(Object(Laminas\Diactoros\ServerRequest), Object(Laminas\Stratigility\Next))
#45 D:\phpstudy_pro\WWW\test\flarum\vendor\laminas\laminas-stratigility\src\MiddlewarePipe.php(76): Laminas\Stratigility\Next->handle(Object(Laminas\Diactoros\ServerRequest))
#46 D:\phpstudy_pro\WWW\test\flarum\vendor\laminas\laminas-stratigility\src\MiddlewarePipe.php(65): Laminas\Stratigility\MiddlewarePipe->process(Object(Laminas\Diactoros\ServerRequest), Object(Laminas\Stratigility\EmptyPipelineHandler))
#47 D:\phpstudy_pro\WWW\test\flarum\vendor\laminas\laminas-httphandlerrunner\src\RequestHandlerRunner.php(96): Laminas\Stratigility\MiddlewarePipe->handle(Object(Laminas\Diactoros\ServerRequest))
#48 D:\phpstudy_pro\WWW\test\flarum\vendor\flarum\core\src\Http\Server.php(45): Laminas\HttpHandlerRunner\RequestHandlerRunner->run()
#49 D:\phpstudy_pro\WWW\test\flarum\public\index.php(26): Flarum\Http\Server->listen()
#50 {main}  
